0 info it worked if it ends with ok
1 verbose cli [ 'C:\\Program Files\\nodejs\\node.exe',
1 verbose cli   'C:\\Program Files\\nodejs\\node_modules\\npm\\bin\\npm-cli.js',
1 verbose cli   'view',
1 verbose cli   'classnames',
1 verbose cli   'version' ]
2 info using npm@3.6.0
3 info using node@v5.7.0
4 silly mapToRegistry name memoryking
5 silly mapToRegistry using default registry
6 silly mapToRegistry registry https://registry.npmjs.org/
7 silly mapToRegistry uri https://registry.npmjs.org/memoryking
8 verbose request uri https://registry.npmjs.org/memoryking
9 verbose request no auth needed
10 info attempt registry request try #1 at 16:06:40
11 verbose request id d884e480b2750bf5
12 http request GET https://registry.npmjs.org/memoryking
13 http 500 https://registry.npmjs.org/memoryking
14 verbose headers { 'content-type': 'application/json',
14 verbose headers   'cache-control': 'max-age=0',
14 verbose headers   'content-length': '2',
14 verbose headers   'accept-ranges': 'bytes',
14 verbose headers   date: 'Fri, 22 Jul 2016 14:07:00 GMT',
14 verbose headers   via: '1.1 varnish',
14 verbose headers   connection: 'keep-alive',
14 verbose headers   'x-served-by': 'cache-fra1243-FRA',
14 verbose headers   'x-cache': 'MISS',
14 verbose headers   'x-cache-hits': '0',
14 verbose headers   'x-timer': 'S1469196420.708137,VS0,VE227',
14 verbose headers   vary: 'Accept-Encoding' }
15 info retry will retry, error on last attempt: Error: Registry returned 500 for GET on https://registry.npmjs.org/memoryking
16 info attempt registry request try #2 at 16:06:51
17 http request GET https://registry.npmjs.org/memoryking
18 http 500 https://registry.npmjs.org/memoryking
19 verbose headers { 'content-type': 'application/json',
19 verbose headers   'cache-control': 'max-age=0',
19 verbose headers   'content-length': '2',
19 verbose headers   'accept-ranges': 'bytes',
19 verbose headers   date: 'Fri, 22 Jul 2016 14:07:11 GMT',
19 verbose headers   via: '1.1 varnish',
19 verbose headers   connection: 'keep-alive',
19 verbose headers   'x-served-by': 'cache-fra1228-FRA',
19 verbose headers   'x-cache': 'MISS',
19 verbose headers   'x-cache-hits': '0',
19 verbose headers   'x-timer': 'S1469196431.209498,VS0,VE467',
19 verbose headers   vary: 'Accept-Encoding' }
20 info retry will retry, error on last attempt: Error: Registry returned 500 for GET on https://registry.npmjs.org/memoryking
21 info attempt registry request try #3 at 16:07:52
22 http request GET https://registry.npmjs.org/memoryking
23 http 500 https://registry.npmjs.org/memoryking
24 verbose headers { 'content-type': 'application/json',
24 verbose headers   'cache-control': 'max-age=0',
24 verbose headers   'content-length': '2',
24 verbose headers   'accept-ranges': 'bytes',
24 verbose headers   date: 'Fri, 22 Jul 2016 14:08:12 GMT',
24 verbose headers   via: '1.1 varnish',
24 verbose headers   connection: 'keep-alive',
24 verbose headers   'x-served-by': 'cache-fra1244-FRA',
24 verbose headers   'x-cache': 'MISS',
24 verbose headers   'x-cache-hits': '0',
24 verbose headers   'x-timer': 'S1469196491.958191,VS0,VE142',
24 verbose headers   vary: 'Accept-Encoding' }
25 silly get cb [ 500,
25 silly get   { 'content-type': 'application/json',
25 silly get     'cache-control': 'max-age=0',
25 silly get     'content-length': '2',
25 silly get     'accept-ranges': 'bytes',
25 silly get     date: 'Fri, 22 Jul 2016 14:08:12 GMT',
25 silly get     via: '1.1 varnish',
25 silly get     connection: 'keep-alive',
25 silly get     'x-served-by': 'cache-fra1244-FRA',
25 silly get     'x-cache': 'MISS',
25 silly get     'x-cache-hits': '0',
25 silly get     'x-timer': 'S1469196491.958191,VS0,VE142',
25 silly get     vary: 'Accept-Encoding' } ]
26 verbose stack Error: Registry returned 500 for GET on https://registry.npmjs.org/memoryking
26 verbose stack     at makeError (C:\Program Files\nodejs\node_modules\npm\node_modules\npm-registry-client\lib\request.js:264:12)
26 verbose stack     at CachingRegistryClient.<anonymous> (C:\Program Files\nodejs\node_modules\npm\node_modules\npm-registry-client\lib\request.js:242:14)
26 verbose stack     at Request._callback (C:\Program Files\nodejs\node_modules\npm\node_modules\npm-registry-client\lib\request.js:172:14)
26 verbose stack     at Request.self.callback (C:\Program Files\nodejs\node_modules\npm\node_modules\request\request.js:198:22)
26 verbose stack     at emitTwo (events.js:100:13)
26 verbose stack     at Request.emit (events.js:185:7)
26 verbose stack     at Request.<anonymous> (C:\Program Files\nodejs\node_modules\npm\node_modules\request\request.js:1035:10)
26 verbose stack     at emitOne (events.js:95:20)
26 verbose stack     at Request.emit (events.js:182:7)
26 verbose stack     at IncomingMessage.<anonymous> (C:\Program Files\nodejs\node_modules\npm\node_modules\request\request.js:962:12)
27 verbose statusCode 500
28 verbose pkgid memoryking
29 verbose cwd C:\Users\Breta\Documents\GitHub\MemoryKing
30 error Windows_NT 10.0.10586
31 error argv "C:\\Program Files\\nodejs\\node.exe" "C:\\Program Files\\nodejs\\node_modules\\npm\\bin\\npm-cli.js" "view" "classnames" "version"
32 error node v5.7.0
33 error npm  v3.6.0
34 error code E500
35 error Registry returned 500 for GET on https://registry.npmjs.org/memoryking
36 error If you need help, you may report this error at:
36 error     <https://github.com/npm/npm/issues>
37 verbose exit [ 1, true ]
